[PID=12943][Mon Mar 20 19:29:01 2023] Error : -1(Unix error code) in EduBfM_GetTrain.c:92
[PID=12943][Mon Mar 20 19:29:01 2023] Error : -1(Unix error code) in EduBfM_Test.c:116
[PID=12943][Mon Mar 20 19:29:01 2023] Error : -589829(eNOLOGGEDTRANSACTION_RM) in RM_Transaction.c:311
[PID=12943][Mon Mar 20 19:29:01 2023] Error : -589829(eNOLOGGEDTRANSACTION_RM) in SM_Transaction.c:258
[PID=12943][Mon Mar 20 19:29:01 2023] Error : -589829(eNOLOGGEDTRANSACTION_RM) in SM_ThinLayer.c:761
[PID=12943][Mon Mar 20 19:29:01 2023] Error : -589829(eNOLOGGEDTRANSACTION_RM) in LRDS_Transaction.c:133
[PID=18461][Mon Mar 20 20:07:28 2023] Error : -1(Unix error code) in EduBfM_GetTrain.c:92
[PID=18461][Mon Mar 20 20:07:28 2023] Error : -1(Unix error code) in EduBfM_Test.c:116
[PID=18461][Mon Mar 20 20:07:28 2023] Error : -589829(eNOLOGGEDTRANSACTION_RM) in RM_Transaction.c:311
[PID=18461][Mon Mar 20 20:07:28 2023] Error : -589829(eNOLOGGEDTRANSACTION_RM) in SM_Transaction.c:258
[PID=18461][Mon Mar 20 20:07:28 2023] Error : -589829(eNOLOGGEDTRANSACTION_RM) in SM_ThinLayer.c:761
[PID=18461][Mon Mar 20 20:07:28 2023] Error : -589829(eNOLOGGEDTRANSACTION_RM) in LRDS_Transaction.c:133
[PID=19419][Mon Mar 20 20:13:23 2023] Error : -1(Unix error code) in EduBfM_GetTrain.c:92
[PID=19419][Mon Mar 20 20:13:23 2023] Error : -1(Unix error code) in EduBfM_Test.c:116
[PID=19419][Mon Mar 20 20:13:23 2023] Error : -589829(eNOLOGGEDTRANSACTION_RM) in RM_Transaction.c:311
[PID=19419][Mon Mar 20 20:13:23 2023] Error : -589829(eNOLOGGEDTRANSACTION_RM) in SM_Transaction.c:258
[PID=19419][Mon Mar 20 20:13:23 2023] Error : -589829(eNOLOGGEDTRANSACTION_RM) in SM_ThinLayer.c:761
[PID=19419][Mon Mar 20 20:13:23 2023] Error : -589829(eNOLOGGEDTRANSACTION_RM) in LRDS_Transaction.c:133
[PID=19677][Mon Mar 20 20:14:41 2023] Error : -262149(eFLUSHFIXEDBUF_BFM) in BfM_Dismount.c:110
[PID=19677][Mon Mar 20 20:14:41 2023] Error : -262149(eFLUSHFIXEDBUF_BFM) in SM_Dismount.c:104
[PID=19677][Mon Mar 20 20:14:41 2023] Error : -262149(eFLUSHFIXEDBUF_BFM) in LRDS_Dismount.c:246
[PID=19677][Mon Mar 20 20:14:41 2023] Error : -262149(eFLUSHFIXEDBUF_BFM) in LRDS_Dismount.c:143
[PID=20138][Mon Mar 20 20:16:31 2023] Error : -1(Unix error code) in EduBfM_GetTrain.c:92
[PID=20138][Mon Mar 20 20:16:31 2023] Error : -1(Unix error code) in EduBfM_Test.c:116
[PID=20138][Mon Mar 20 20:16:31 2023] Error : -589829(eNOLOGGEDTRANSACTION_RM) in RM_Transaction.c:311
[PID=20138][Mon Mar 20 20:16:31 2023] Error : -589829(eNOLOGGEDTRANSACTION_RM) in SM_Transaction.c:258
[PID=20138][Mon Mar 20 20:16:31 2023] Error : -589829(eNOLOGGEDTRANSACTION_RM) in SM_ThinLayer.c:761
[PID=20138][Mon Mar 20 20:16:31 2023] Error : -589829(eNOLOGGEDTRANSACTION_RM) in LRDS_Transaction.c:133
[PID=27526][Mon Mar 20 21:26:18 2023] Error : -1(Unix error code) in EduBfM_GetTrain.c:92
[PID=27526][Mon Mar 20 21:26:18 2023] Error : -1(Unix error code) in EduBfM_Test.c:116
[PID=27526][Mon Mar 20 21:26:18 2023] Error : -589829(eNOLOGGEDTRANSACTION_RM) in RM_Transaction.c:311
[PID=27526][Mon Mar 20 21:26:18 2023] Error : -589829(eNOLOGGEDTRANSACTION_RM) in SM_Transaction.c:258
[PID=27526][Mon Mar 20 21:26:18 2023] Error : -589829(eNOLOGGEDTRANSACTION_RM) in SM_ThinLayer.c:761
[PID=27526][Mon Mar 20 21:26:18 2023] Error : -589829(eNOLOGGEDTRANSACTION_RM) in LRDS_Transaction.c:133
[PID=64692][Tue Mar 21 03:02:05 2023] Error : -1(Unix error code) in EduBfM_GetTrain.c:92
[PID=64692][Tue Mar 21 03:02:05 2023] Error : -1(Unix error code) in EduBfM_Test.c:116
[PID=64692][Tue Mar 21 03:02:05 2023] Error : -589829(eNOLOGGEDTRANSACTION_RM) in RM_Transaction.c:311
[PID=64692][Tue Mar 21 03:02:05 2023] Error : -589829(eNOLOGGEDTRANSACTION_RM) in SM_Transaction.c:258
[PID=64692][Tue Mar 21 03:02:05 2023] Error : -589829(eNOLOGGEDTRANSACTION_RM) in SM_ThinLayer.c:761
[PID=64692][Tue Mar 21 03:02:05 2023] Error : -589829(eNOLOGGEDTRANSACTION_RM) in LRDS_Transaction.c:133
[PID=71944][Tue Mar 21 14:37:58 2023] Error : -1(Unix error code) in EduBfM_GetTrain.c:92
[PID=71944][Tue Mar 21 14:37:58 2023] Error : -1(Unix error code) in EduBfM_Test.c:116
[PID=71944][Tue Mar 21 14:37:58 2023] Error : -589829(eNOLOGGEDTRANSACTION_RM) in RM_Transaction.c:311
[PID=71944][Tue Mar 21 14:37:58 2023] Error : -589829(eNOLOGGEDTRANSACTION_RM) in SM_Transaction.c:258
[PID=71944][Tue Mar 21 14:37:58 2023] Error : -589829(eNOLOGGEDTRANSACTION_RM) in SM_ThinLayer.c:761
[PID=71944][Tue Mar 21 14:37:58 2023] Error : -589829(eNOLOGGEDTRANSACTION_RM) in LRDS_Transaction.c:133
[PID=72850][Tue Mar 21 14:46:00 2023] Error : -1(Unix error code) in EduBfM_GetTrain.c:92
[PID=72850][Tue Mar 21 14:46:00 2023] Error : -1(Unix error code) in EduBfM_Test.c:116
[PID=72850][Tue Mar 21 14:46:00 2023] Error : -589829(eNOLOGGEDTRANSACTION_RM) in RM_Transaction.c:311
[PID=72850][Tue Mar 21 14:46:00 2023] Error : -589829(eNOLOGGEDTRANSACTION_RM) in SM_Transaction.c:258
[PID=72850][Tue Mar 21 14:46:00 2023] Error : -589829(eNOLOGGEDTRANSACTION_RM) in SM_ThinLayer.c:761
[PID=72850][Tue Mar 21 14:46:00 2023] Error : -589829(eNOLOGGEDTRANSACTION_RM) in LRDS_Transaction.c:133
[PID=79818][Tue Mar 21 15:30:29 2023] Error : -196616(eINVALIDTRAINSIZE_RDSM) in RDsM_ReadTrain.c:83
[PID=79818][Tue Mar 21 15:30:29 2023] Error : -196616(eINVALIDTRAINSIZE_RDSM) in EduBfM_GetTrain.c:94
[PID=79818][Tue Mar 21 15:30:29 2023] Error : -196616(eINVALIDTRAINSIZE_RDSM) in EduBfM_Test.c:116
[PID=79818][Tue Mar 21 15:30:29 2023] Error : -589829(eNOLOGGEDTRANSACTION_RM) in RM_Transaction.c:311
[PID=79818][Tue Mar 21 15:30:29 2023] Error : -589829(eNOLOGGEDTRANSACTION_RM) in SM_Transaction.c:258
[PID=79818][Tue Mar 21 15:30:29 2023] Error : -589829(eNOLOGGEDTRANSACTION_RM) in SM_ThinLayer.c:761
[PID=79818][Tue Mar 21 15:30:29 2023] Error : -589829(eNOLOGGEDTRANSACTION_RM) in LRDS_Transaction.c:133
[PID=81208][Tue Mar 21 15:42:17 2023] Error : -262147(eBADHASHKEY_BFM) in edubfm_AllocTrain.c:119
[PID=81208][Tue Mar 21 15:42:17 2023] Error : -262147(eBADHASHKEY_BFM) in EduBfM_GetTrain.c:90
[PID=81208][Tue Mar 21 15:42:17 2023] Error : -262147(eBADHASHKEY_BFM) in EduBfM_Test.c:116
[PID=81208][Tue Mar 21 15:42:17 2023] Error : -589829(eNOLOGGEDTRANSACTION_RM) in RM_Transaction.c:311
[PID=81208][Tue Mar 21 15:42:17 2023] Error : -589829(eNOLOGGEDTRANSACTION_RM) in SM_Transaction.c:258
[PID=81208][Tue Mar 21 15:42:17 2023] Error : -589829(eNOLOGGEDTRANSACTION_RM) in SM_ThinLayer.c:761
[PID=81208][Tue Mar 21 15:42:17 2023] Error : -589829(eNOLOGGEDTRANSACTION_RM) in LRDS_Transaction.c:133
[PID=803][Tue Mar 21 15:51:10 2023] Error : -262147(eBADHASHKEY_BFM) in edubfm_AllocTrain.c:119
[PID=803][Tue Mar 21 15:51:10 2023] Error : -262147(eBADHASHKEY_BFM) in EduBfM_GetTrain.c:90
[PID=803][Tue Mar 21 15:51:10 2023] Error : -262147(eBADHASHKEY_BFM) in EduBfM_Test.c:116
[PID=803][Tue Mar 21 15:51:10 2023] Error : -589829(eNOLOGGEDTRANSACTION_RM) in RM_Transaction.c:311
[PID=803][Tue Mar 21 15:51:10 2023] Error : -589829(eNOLOGGEDTRANSACTION_RM) in SM_Transaction.c:258
[PID=803][Tue Mar 21 15:51:10 2023] Error : -589829(eNOLOGGEDTRANSACTION_RM) in SM_ThinLayer.c:761
[PID=803][Tue Mar 21 15:51:10 2023] Error : -589829(eNOLOGGEDTRANSACTION_RM) in LRDS_Transaction.c:133
[PID=1575][Tue Mar 21 15:56:13 2023] Error : -262147(eBADHASHKEY_BFM) in edubfm_AllocTrain.c:119
[PID=1575][Tue Mar 21 15:56:13 2023] Error : -262147(eBADHASHKEY_BFM) in EduBfM_GetTrain.c:90
[PID=1575][Tue Mar 21 15:56:13 2023] Error : -262147(eBADHASHKEY_BFM) in EduBfM_Test.c:116
[PID=1575][Tue Mar 21 15:56:13 2023] Error : -589829(eNOLOGGEDTRANSACTION_RM) in RM_Transaction.c:311
[PID=1575][Tue Mar 21 15:56:13 2023] Error : -589829(eNOLOGGEDTRANSACTION_RM) in SM_Transaction.c:258
[PID=1575][Tue Mar 21 15:56:13 2023] Error : -589829(eNOLOGGEDTRANSACTION_RM) in SM_ThinLayer.c:761
[PID=1575][Tue Mar 21 15:56:13 2023] Error : -589829(eNOLOGGEDTRANSACTION_RM) in LRDS_Transaction.c:133
[PID=2128][Tue Mar 21 16:00:32 2023] Error : -262147(eBADHASHKEY_BFM) in edubfm_AllocTrain.c:119
[PID=2128][Tue Mar 21 16:00:32 2023] Error : -262147(eBADHASHKEY_BFM) in EduBfM_GetTrain.c:92
[PID=2128][Tue Mar 21 16:00:32 2023] Error : -262147(eBADHASHKEY_BFM) in EduBfM_Test.c:116
[PID=2128][Tue Mar 21 16:00:32 2023] Error : -589829(eNOLOGGEDTRANSACTION_RM) in RM_Transaction.c:311
[PID=2128][Tue Mar 21 16:00:32 2023] Error : -589829(eNOLOGGEDTRANSACTION_RM) in SM_Transaction.c:258
[PID=2128][Tue Mar 21 16:00:32 2023] Error : -589829(eNOLOGGEDTRANSACTION_RM) in SM_ThinLayer.c:761
[PID=2128][Tue Mar 21 16:00:32 2023] Error : -589829(eNOLOGGEDTRANSACTION_RM) in LRDS_Transaction.c:133
[PID=2516][Tue Mar 21 16:03:11 2023] Error : -262147(eBADHASHKEY_BFM) in edubfm_AllocTrain.c:119
[PID=2516][Tue Mar 21 16:03:11 2023] Error : -262147(eBADHASHKEY_BFM) in EduBfM_GetTrain.c:92
[PID=2516][Tue Mar 21 16:03:11 2023] Error : -262147(eBADHASHKEY_BFM) in EduBfM_Test.c:116
[PID=2516][Tue Mar 21 16:03:11 2023] Error : -589829(eNOLOGGEDTRANSACTION_RM) in RM_Transaction.c:311
[PID=2516][Tue Mar 21 16:03:11 2023] Error : -589829(eNOLOGGEDTRANSACTION_RM) in SM_Transaction.c:258
[PID=2516][Tue Mar 21 16:03:11 2023] Error : -589829(eNOLOGGEDTRANSACTION_RM) in SM_ThinLayer.c:761
[PID=2516][Tue Mar 21 16:03:11 2023] Error : -589829(eNOLOGGEDTRANSACTION_RM) in LRDS_Transaction.c:133
[PID=3279][Tue Mar 21 16:08:05 2023] Error : -262147(eBADHASHKEY_BFM) in edubfm_AllocTrain.c:119
[PID=3279][Tue Mar 21 16:08:05 2023] Error : -262147(eBADHASHKEY_BFM) in EduBfM_GetTrain.c:92
[PID=3279][Tue Mar 21 16:08:05 2023] Error : -262147(eBADHASHKEY_BFM) in EduBfM_Test.c:116
[PID=3279][Tue Mar 21 16:08:05 2023] Error : -589829(eNOLOGGEDTRANSACTION_RM) in RM_Transaction.c:311
[PID=3279][Tue Mar 21 16:08:05 2023] Error : -589829(eNOLOGGEDTRANSACTION_RM) in SM_Transaction.c:258
[PID=3279][Tue Mar 21 16:08:05 2023] Error : -589829(eNOLOGGEDTRANSACTION_RM) in SM_ThinLayer.c:761
[PID=3279][Tue Mar 21 16:08:05 2023] Error : -589829(eNOLOGGEDTRANSACTION_RM) in LRDS_Transaction.c:133
